<?xml version="1.0" encoding="UTF-8"?>
<!-- Generated by org.testng.reporters.JUnitXMLReporter -->
<testsuite ignored="0" hostname="Sandhya" failures="0" tests="6" name="OpenCart Tests" time="35.375" errors="0" timestamp="2022-07-06T10:52:39 EDT">
  <testcase classname="testCases.TC_001_AccountRegistration" name="test_account_registration" time="5.024"/>
  <testcase classname="testCases.TC_002_Login" name="test_login" time="1.381"/>
  <testcase classname="testCases.TC_003_LoginDDT" name="test_LoginDDT" time="1.582"/>
  <testcase classname="testCases.TC_003_LoginDDT" name="test_LoginDDT" time="1.027"/>
  <testcase classname="testCases.TC_003_LoginDDT" name="test_LoginDDT" time="10.74"/>
  <testcase classname="testCases.TC_003_LoginDDT" name="test_LoginDDT" time="10.835"/>
</testsuite> <!-- OpenCart Tests -->
