<?xml version="1.0" encoding="UTF-8"?>
<!-- Generated by org.testng.reporters.JUnitXMLReporter -->
<testsuite ignored="0" hostname="Sandhya" failures="0" tests="6" name="OpenCart Tests" time="32.639" errors="0" timestamp="2022-07-06T11:01:21 EDT">
  <testcase classname="testCases.TC_001_AccountRegistration" name="test_account_registration" time="3.594"/>
  <testcase classname="testCases.TC_002_Login" name="test_login" time="1.19"/>
  <testcase classname="testCases.TC_003_LoginDDT" name="test_LoginDDT" time="1.325"/>
  <testcase classname="testCases.TC_003_LoginDDT" name="test_LoginDDT" time="1.031"/>
  <testcase classname="testCases.TC_003_LoginDDT" name="test_LoginDDT" time="10.792"/>
  <testcase classname="testCases.TC_003_LoginDDT" name="test_LoginDDT" time="10.763"/>
</testsuite> <!-- OpenCart Tests -->
