<?xml version="1.0" encoding="UTF-8"?>
<!-- Generated by org.testng.reporters.JUnitXMLReporter -->
<testsuite ignored="1" hostname="Sandhya" failures="0" tests="1" name="opencartTests" time="2.911" errors="0" timestamp="2022-07-03T14:41:54 EDT">
  <testcase classname="testCases.TC_002_Login" name="test_login" time="1.147"/>
  <testcase classname="testCases.TC_001_AccountRegistration" name="test_account_registration" time="0.0">
    <ignored/>
  </testcase> <!-- test_account_registration -->
</testsuite> <!-- opencartTests -->
